TN:
SF:server\controllers\index.ts
FN:1,WrapIV2DataWrap
FNF:1
FNH:0
FNDA:0,WrapIV2DataWrap
DA:1,0
DA:2,0
DA:3,0
DA:4,0
DA:5,0
DA:6,0
DA:7,0
DA:8,0
DA:9,0
DA:10,0
DA:11,0
DA:12,0
DA:13,0
DA:14,1
DA:15,1
DA:16,1
DA:17,1
DA:18,1
DA:19,1
DA:20,1
DA:21,1
DA:22,1
DA:23,1
LF:23
LH:10
BRF:0
BRH:0
end_of_record
TN:
SF:server\controllers\handlers\auth.handler.ts
FN:16,AuthHandler
FN:20,getInstance
FN:26,registerUser
FN:70,loginUser
FNF:4
FNH:4
FNDA:4,AuthHandler
FNDA:8,getInstance
FNDA:6,registerUser
FNDA:2,loginUser
DA:1,1
DA:2,1
DA:3,1
DA:4,1
DA:5,1
DA:6,1
DA:7,1
DA:8,1
DA:9,1
DA:10,1
DA:11,1
DA:12,1
DA:13,1
DA:14,1
DA:15,1
DA:16,1
DA:17,1
DA:18,1
DA:19,1
DA:20,1
DA:21,8
DA:22,8
DA:23,8
DA:24,8
DA:25,1
DA:26,1
DA:27,6
DA:28,6
DA:29,6
DA:30,6
DA:31,6
DA:32,6
DA:33,6
DA:34,6
DA:35,6
DA:36,6
DA:37,6
DA:38,6
DA:39,6
DA:40,6
DA:41,6
DA:42,1
DA:43,1
DA:44,5
DA:45,5
DA:46,5
DA:47,5
DA:48,5
DA:49,5
DA:50,5
DA:51,5
DA:52,5
DA:53,5
DA:54,5
DA:55,5
DA:56,5
DA:57,5
DA:58,5
DA:59,5
DA:60,5
DA:61,5
DA:62,5
DA:63,5
DA:64,5
DA:65,5
DA:66,5
DA:67,5
DA:68,5
DA:69,1
DA:70,1
DA:71,2
DA:72,2
DA:73,2
DA:74,2
DA:75,2
DA:76,2
DA:77,2
DA:78,2
DA:79,2
DA:80,2
DA:81,2
DA:82,2
DA:83,2
DA:84,2
DA:85,1
DA:86,1
DA:87,1
DA:88,1
DA:89,1
DA:90,1
DA:91,1
DA:92,1
DA:93,1
DA:94,2
DA:95,1
DA:96,1
DA:97,1
DA:98,1
LF:98
LH:98
BRDA:16,0,0,4
BRDA:20,1,0,8
BRDA:22,2,0,4
BRDA:26,3,0,6
BRDA:41,4,0,5
BRDA:41,5,0,1
BRDA:70,6,0,2
BRDA:84,7,0,1
BRDA:94,8,0,0
BRDA:95,9,0,1
BRF:10
BRH:9
end_of_record
TN:
SF:server\controllers\handlers\deposit.handler.ts
FN:12,DepositHandler
FN:16,getInstance
FN:23,initiatePayment
FN:48,depositMoney
FNF:4
FNH:4
FNDA:3,DepositHandler
FNDA:9,getInstance
FNDA:4,initiatePayment
FNDA:5,depositMoney
DA:1,1
DA:2,1
DA:3,1
DA:4,1
DA:5,1
DA:6,1
DA:7,1
DA:8,1
DA:9,1
DA:10,1
DA:11,1
DA:12,1
DA:13,1
DA:14,1
DA:15,1
DA:16,1
DA:17,9
DA:18,9
DA:19,9
DA:20,9
DA:21,1
DA:22,1
DA:23,1
DA:24,4
DA:25,4
DA:26,4
DA:27,4
DA:28,4
DA:29,4
DA:30,4
DA:31,4
DA:32,4
DA:33,4
DA:34,4
DA:35,4
DA:36,4
DA:37,4
DA:38,4
DA:39,4
DA:40,4
DA:41,4
DA:42,4
DA:43,4
DA:44,3
DA:45,3
DA:46,1
DA:47,1
DA:48,1
DA:49,5
DA:50,5
DA:51,5
DA:52,5
DA:53,5
DA:54,5
DA:55,5
DA:56,3
DA:57,1
LF:57
LH:57
BRDA:12,0,0,3
BRDA:16,1,0,9
BRDA:18,2,0,3
BRDA:23,3,0,4
BRDA:44,4,0,3
BRDA:48,5,0,5
BRDA:56,6,0,3
BRF:7
BRH:7
end_of_record
TN:
SF:server\controllers\handlers\profile.handler.ts
FN:14,ProfileHandler
FN:18,getInstance
FN:25,getAccount
FN:36,getTransactionHistory
FN:61,transferMoneyToOtherUser
FNF:5
FNH:4
FNDA:3,ProfileHandler
FNDA:8,getInstance
FNDA:5,getAccount
FNDA:0,getTransactionHistory
FNDA:3,transferMoneyToOtherUser
DA:1,1
DA:2,1
DA:3,1
DA:4,1
DA:5,1
DA:6,1
DA:7,1
DA:8,1
DA:9,1
DA:10,1
DA:11,1
DA:12,1
DA:13,1
DA:14,1
DA:15,1
DA:16,1
DA:17,1
DA:18,1
DA:19,8
DA:20,8
DA:21,8
DA:22,8
DA:23,1
DA:24,1
DA:25,1
DA:26,5
DA:27,5
DA:28,5
DA:29,5
DA:30,5
DA:31,5
DA:32,5
DA:33,5
DA:34,1
DA:35,1
DA:36,1
DA:37,0
DA:38,0
DA:39,0
DA:40,0
DA:41,0
DA:42,0
DA:43,0
DA:44,0
DA:45,0
DA:46,0
DA:47,0
DA:48,0
DA:49,0
DA:50,0
DA:51,0
DA:52,0
DA:53,0
DA:54,0
DA:55,0
DA:56,0
DA:57,0
DA:58,0
DA:59,0
DA:60,1
DA:61,1
DA:62,3
DA:63,3
DA:64,3
DA:65,3
DA:66,3
DA:67,3
DA:68,3
DA:69,3
DA:70,3
DA:71,3
DA:72,3
DA:73,3
DA:74,3
DA:75,3
DA:76,3
DA:77,3
DA:78,3
DA:79,3
DA:80,3
DA:81,2
DA:82,2
DA:83,2
DA:84,3
DA:85,2
DA:86,2
DA:87,2
DA:88,2
DA:89,2
DA:90,2
DA:91,2
DA:92,2
DA:93,2
DA:94,2
DA:95,2
DA:96,2
DA:97,3
DA:98,1
DA:99,1
DA:100,1
DA:101,1
DA:102,1
DA:103,1
DA:104,1
DA:105,1
LF:105
LH:82
BRDA:14,0,0,3
BRDA:18,1,0,8
BRDA:20,2,0,3
BRDA:25,3,0,5
BRDA:61,4,0,3
BRDA:80,5,0,1
BRDA:81,6,0,2
BRDA:84,7,0,0
BRDA:85,8,0,2
BRDA:97,9,0,1
BRF:10
BRH:9
end_of_record
TN:
SF:server\controllers\handlers\withdrawal.handler.ts
FN:10,WithdrawalHandler
FN:14,getInstance
FN:22,initiateWithdrawal
FNF:3
FNH:3
FNDA:1,WithdrawalHandler
FNDA:3,getInstance
FNDA:3,initiateWithdrawal
DA:1,1
DA:2,1
DA:3,1
DA:4,1
DA:5,1
DA:6,1
DA:7,1
DA:8,1
DA:9,1
DA:10,1
DA:11,1
DA:12,1
DA:13,1
DA:14,1
DA:15,3
DA:16,3
DA:17,1
DA:18,3
DA:19,3
DA:20,1
DA:21,1
DA:22,1
DA:23,3
DA:24,3
DA:25,3
DA:26,3
DA:27,3
DA:28,3
DA:29,3
DA:30,3
DA:31,1
DA:32,1
LF:32
LH:32
BRDA:10,0,0,1
BRDA:14,1,0,3
BRDA:16,2,0,1
BRDA:22,3,0,3
BRDA:31,4,0,1
BRF:5
BRH:5
end_of_record
TN:
SF:server\controllers\messages\auth.message.ts
FNF:0
FNH:0
DA:1,1
DA:2,1
DA:3,1
LF:3
LH:3
BRF:0
BRH:0
end_of_record
TN:
SF:server\controllers\messages\deposit.message.ts
FNF:0
FNH:0
DA:1,1
DA:2,1
DA:3,1
LF:3
LH:3
BRF:0
BRH:0
end_of_record
TN:
SF:server\controllers\messages\profile.message.ts
FNF:0
FNH:0
DA:1,1
DA:2,1
LF:2
LH:2
BRF:0
BRH:0
end_of_record
TN:
SF:server\controllers\messages\withdrawal.message.ts
FNF:0
FNH:0
DA:1,1
DA:2,1
DA:3,1
DA:4,1
LF:4
LH:4
BRF:0
BRH:0
end_of_record
TN:
SF:server\controllers\middlewares\validation.middleware.ts
FN:5,GenericChecker
FN:23,GenericCheckerInternal
FNF:2
FNH:1
FNDA:0,GenericChecker
FNDA:23,GenericCheckerInternal
DA:1,1
DA:2,1
DA:3,1
DA:4,1
DA:5,0
DA:6,0
DA:7,0
DA:8,0
DA:9,0
DA:10,0
DA:11,0
DA:12,0
DA:13,0
DA:14,0
DA:15,0
DA:16,0
DA:17,0
DA:18,0
DA:19,0
DA:20,0
DA:21,0
DA:22,1
DA:23,23
DA:24,23
DA:25,23
DA:26,23
LF:26
LH:9
BRDA:23,0,0,23
BRF:1
BRH:1
end_of_record
TN:
SF:server\controllers\validators\auth.validator.ts
FNF:0
FNH:0
DA:1,1
DA:2,1
DA:3,1
DA:4,1
DA:5,1
DA:6,1
DA:7,1
DA:8,1
DA:9,1
DA:10,1
DA:11,1
DA:12,1
LF:12
LH:12
BRF:0
BRH:0
end_of_record
TN:
SF:server\controllers\validators\deposit.validator.ts
FNF:0
FNH:0
DA:1,1
DA:2,1
DA:3,1
DA:4,1
DA:5,1
DA:6,1
DA:7,1
DA:8,1
DA:9,1
DA:10,1
DA:11,1
LF:11
LH:11
BRF:0
BRH:0
end_of_record
TN:
SF:server\controllers\validators\profile.validator.ts
FNF:0
FNH:0
DA:1,1
DA:2,1
DA:3,1
DA:4,1
DA:5,1
DA:6,1
LF:6
LH:6
BRF:0
BRH:0
end_of_record
TN:
SF:server\controllers\validators\withdrawal.validator.ts
FNF:0
FNH:0
DA:1,1
DA:2,1
DA:3,1
DA:4,1
DA:5,1
DA:6,1
LF:6
LH:6
BRF:0
BRH:0
end_of_record
TN:
SF:server\domain\classes\accounts.ts
FN:8,getUserDefaultAccount
FN:11,getSystemFundingAccount
FN:14,getWithdrawalBinAccount
FNF:3
FNH:3
FNDA:21,getUserDefaultAccount
FNDA:3,getSystemFundingAccount
FNDA:1,getWithdrawalBinAccount
DA:1,1
DA:2,1
DA:3,1
DA:4,1
DA:5,1
DA:6,1
DA:7,1
DA:8,1
DA:9,21
DA:10,21
DA:11,1
DA:12,3
DA:13,3
DA:14,1
DA:15,1
DA:16,1
DA:17,1
DA:18,1
DA:19,1
LF:19
LH:19
BRDA:8,0,0,21
BRDA:11,1,0,3
BRDA:14,2,0,1
BRF:3
BRH:3
end_of_record
TN:
SF:server\domain\classes\transaction.ts
FN:13,Transaction
FN:15,entry
FN:20,debit
FN:37,credit
FN:54,commit
FNF:5
FNH:5
FNDA:5,Transaction
FNDA:5,entry
FNDA:5,debit
FNDA:5,credit
FNDA:5,commit
DA:1,1
DA:2,1
DA:3,1
DA:4,1
DA:5,1
DA:6,1
DA:7,1
DA:8,1
DA:9,1
DA:10,1
DA:11,1
DA:12,1
DA:13,1
DA:14,1
DA:15,1
DA:16,5
DA:17,5
DA:18,5
DA:19,1
DA:20,1
DA:21,5
DA:22,5
DA:23,5
DA:24,5
DA:25,5
DA:26,5
DA:27,5
DA:28,5
DA:29,5
DA:30,5
DA:31,5
DA:32,5
DA:33,5
DA:34,5
DA:35,5
DA:36,1
DA:37,1
DA:38,5
DA:39,5
DA:40,5
DA:41,5
DA:42,5
DA:43,5
DA:44,5
DA:45,5
DA:46,5
DA:47,5
DA:48,5
DA:49,5
DA:50,5
DA:51,5
DA:52,5
DA:53,1
DA:54,1
DA:55,5
DA:56,5
DA:57,5
DA:58,5
DA:59,5
DA:60,5
DA:61,5
DA:62,5
DA:63,0
DA:64,0
DA:65,5
DA:66,5
DA:67,5
DA:68,5
DA:69,5
DA:70,5
DA:71,5
DA:72,5
DA:73,5
DA:74,5
DA:75,5
DA:76,5
DA:77,5
DA:78,5
DA:79,5
DA:80,5
DA:81,5
DA:82,5
DA:83,5
DA:84,5
DA:85,5
DA:86,5
DA:87,5
DA:88,5
DA:89,5
DA:90,5
DA:91,5
DA:92,5
DA:93,5
DA:94,5
DA:95,5
DA:96,5
DA:97,5
DA:98,5
DA:99,10
DA:100,10
DA:101,10
DA:102,10
DA:103,10
DA:104,10
DA:105,10
DA:106,10
DA:107,10
DA:108,10
DA:109,10
DA:110,10
DA:111,10
DA:112,10
DA:113,10
DA:114,10
DA:115,5
DA:116,5
DA:117,5
DA:118,5
DA:119,5
DA:120,1
DA:121,1
DA:122,1
LF:122
LH:120
BRDA:13,0,0,5
BRDA:15,1,0,5
BRDA:20,2,0,5
BRDA:37,3,0,5
BRDA:54,4,0,5
BRDA:62,5,0,0
BRDA:56,6,0,5
BRDA:59,7,0,5
BRDA:70,8,0,5
BRDA:79,9,0,5
BRDA:98,10,0,10
BRF:11
BRH:10
end_of_record
TN:
SF:server\domain\deposit_gateways\index.ts
FN:16,initiatePaymentInitialization
FN:25,paymentReceived
FNF:2
FNH:2
FNDA:4,initiatePaymentInitialization
FNDA:5,paymentReceived
DA:1,1
DA:2,1
DA:3,1
DA:4,1
DA:5,1
DA:6,1
DA:7,1
DA:8,1
DA:9,1
DA:10,1
DA:11,1
DA:12,1
DA:13,1
DA:14,1
DA:15,1
DA:16,1
DA:17,4
DA:18,4
DA:19,3
DA:20,4
DA:21,1
DA:22,4
DA:23,4
DA:24,4
DA:25,1
DA:26,5
DA:27,5
DA:28,5
DA:29,5
DA:30,5
DA:31,5
DA:32,5
DA:33,5
DA:34,1
DA:35,1
DA:36,4
DA:37,5
DA:38,3
DA:39,3
DA:40,3
DA:41,3
DA:42,3
DA:43,0
DA:44,3
DA:45,5
DA:46,1
DA:47,1
DA:48,5
DA:49,1
LF:49
LH:48
BRDA:16,0,0,4
BRDA:18,1,0,3
BRDA:20,2,0,1
BRDA:25,3,0,5
BRDA:33,4,0,1
BRDA:36,5,0,4
BRDA:37,6,0,3
BRDA:42,7,0,0
BRDA:45,8,0,1
BRF:9
BRH:8
end_of_record
TN:
SF:server\domain\deposit_gateways\paystack_deposit.gateway.ts
FN:15,PaystackPaymentGateway
FN:17,initializePaymentOnProvider
FN:33,getInstance
FN:40,fulfillTransaction
FNF:4
FNH:4
FNDA:3,PaystackPaymentGateway
FNDA:3,initializePaymentOnProvider
FNDA:6,getInstance
FNDA:3,fulfillTransaction
DA:1,1
DA:2,1
DA:3,1
DA:4,1
DA:5,1
DA:6,1
DA:7,1
DA:8,1
DA:9,1
DA:10,1
DA:11,1
DA:12,1
DA:13,1
DA:14,1
DA:15,1
DA:16,1
DA:17,1
DA:18,3
DA:19,3
DA:20,3
DA:21,3
DA:22,3
DA:23,3
DA:24,3
DA:25,3
DA:26,3
DA:27,3
DA:28,3
DA:29,3
DA:30,1
DA:31,1
DA:32,1
DA:33,1
DA:34,6
DA:35,6
DA:36,3
DA:37,6
DA:38,6
DA:39,1
DA:40,1
DA:41,3
DA:42,3
DA:43,3
DA:44,3
DA:45,3
DA:46,3
DA:47,3
DA:48,3
DA:49,3
DA:50,3
DA:51,3
DA:52,3
DA:53,3
DA:54,3
DA:55,3
DA:56,3
DA:57,3
DA:58,3
DA:59,3
DA:60,3
DA:61,3
DA:62,3
DA:63,3
DA:64,3
DA:65,3
DA:66,3
DA:67,3
DA:68,3
DA:69,3
DA:70,3
DA:71,3
DA:72,1
LF:72
LH:72
BRDA:15,0,0,3
BRDA:17,1,0,3
BRDA:26,2,0,0
BRDA:33,3,0,6
BRDA:35,4,0,3
BRDA:40,5,0,3
BRF:6
BRH:5
end_of_record
TN:
SF:server\domain\withdrawal_gateways\bank_withdrawal.gateway.ts
FN:9,BankWithdrawalGateway
FN:13,getInstance
FN:20,completeWithdrawal
FNF:3
FNH:3
FNDA:1,BankWithdrawalGateway
FNDA:1,getInstance
FNDA:1,completeWithdrawal
DA:1,1
DA:2,1
DA:3,1
DA:4,1
DA:5,1
DA:6,1
DA:7,1
DA:8,1
DA:9,1
DA:10,1
DA:11,1
DA:12,1
DA:13,1
DA:14,1
DA:15,1
DA:16,1
DA:17,1
DA:18,1
DA:19,1
DA:20,1
DA:21,1
DA:22,1
DA:23,1
DA:24,1
DA:25,1
DA:26,1
DA:27,1
DA:28,1
DA:29,1
DA:30,1
DA:31,1
DA:32,1
DA:33,1
DA:34,1
DA:35,1
DA:36,1
DA:37,1
DA:38,1
DA:39,1
DA:40,1
DA:41,1
DA:42,1
DA:43,1
DA:44,1
LF:44
LH:44
BRDA:9,0,0,1
BRDA:13,1,0,1
BRDA:20,2,0,1
BRF:3
BRH:3
end_of_record
TN:
SF:server\domain\withdrawal_gateways\index.ts
FN:20,withdraw
FNF:1
FNH:1
FNDA:3,withdraw
DA:1,1
DA:2,1
DA:3,1
DA:4,1
DA:5,1
DA:6,1
DA:7,1
DA:8,1
DA:9,1
DA:10,1
DA:11,1
DA:12,1
DA:13,1
DA:14,1
DA:15,1
DA:16,1
DA:17,1
DA:18,1
DA:19,1
DA:20,1
DA:21,3
DA:22,3
DA:23,3
DA:24,3
DA:25,3
DA:26,3
DA:27,3
DA:28,3
DA:29,3
DA:30,3
DA:31,3
DA:32,3
DA:33,2
DA:34,2
DA:35,1
DA:36,1
DA:37,1
DA:38,1
DA:39,1
DA:40,2
DA:41,1
DA:42,2
DA:43,3
DA:44,1
DA:45,1
DA:46,3
DA:47,1
LF:47
LH:47
BRDA:20,0,0,3
BRDA:32,1,0,2
BRDA:34,2,0,1
BRDA:40,3,0,1
BRDA:43,4,0,1
BRF:5
BRH:5
end_of_record
